{"context":"NestFactory","level":"info","message":"Starting Nest application...","timestamp":"2024-07-25T06:52:48.225Z"}
{"context":"InstanceLoader","level":"info","message":"DatabaseModule dependencies initialized","timestamp":"2024-07-25T06:52:48.278Z"}
{"context":"InstanceLoader","level":"info","message":"MongooseModule dependencies initialized","timestamp":"2024-07-25T06:52:48.279Z"}
{"context":"InstanceLoader","level":"info","message":"JwtModule dependencies initialized","timestamp":"2024-07-25T06:52:48.279Z"}
{"context":"InstanceLoader","level":"info","message":"ConfigHostModule dependencies initialized","timestamp":"2024-07-25T06:52:48.280Z"}
{"context":"InstanceLoader","level":"info","message":"AppModule dependencies initialized","timestamp":"2024-07-25T06:52:48.281Z"}
{"context":"InstanceLoader","level":"info","message":"InscBrc20TokensModule dependencies initialized","timestamp":"2024-07-25T06:52:48.282Z"}
{"context":"InstanceLoader","level":"info","message":"ConfigModule dependencies initialized","timestamp":"2024-07-25T06:52:48.283Z"}
{"context":"InstanceLoader","level":"info","message":"AuthModule dependencies initialized","timestamp":"2024-07-25T06:52:48.284Z"}
{"context":"InstanceLoader","level":"info","message":"MongooseCoreModule dependencies initialized","timestamp":"2024-07-25T06:52:48.613Z"}
{"context":"InstanceLoader","level":"info","message":"MongooseModule dependencies initialized","timestamp":"2024-07-25T06:52:48.621Z"}
{"context":"InstanceLoader","level":"info","message":"TokensModule dependencies initialized","timestamp":"2024-07-25T06:52:48.628Z"}
{"context":"InstanceLoader","level":"info","message":"AccountsModule dependencies initialized","timestamp":"2024-07-25T06:52:48.629Z"}
{"context":"InstanceLoader","level":"info","message":"TransfersModule dependencies initialized","timestamp":"2024-07-25T06:52:48.630Z"}
{"context":"InstanceLoader","level":"info","message":"UpdateServerDataModule dependencies initialized","timestamp":"2024-07-25T06:52:48.630Z"}
{"context":"InstanceLoader","level":"info","message":"createListingsModule dependencies initialized","timestamp":"2024-07-25T06:52:48.631Z"}
{"context":"InstanceLoader","level":"info","message":"Brc20TokensModule dependencies initialized","timestamp":"2024-07-25T06:52:48.633Z"}
{"context":"InstanceLoader","level":"info","message":"UsersModule dependencies initialized","timestamp":"2024-07-25T06:52:48.634Z"}
{"context":"InstanceLoader","level":"info","message":"CollectionsModule dependencies initialized","timestamp":"2024-07-25T06:52:48.635Z"}
{"context":"InstanceLoader","level":"info","message":"UploadsModule dependencies initialized","timestamp":"2024-07-25T06:52:48.635Z"}
{"context":"RoutesResolver","level":"info","message":"AppController {/api}:","timestamp":"2024-07-25T06:52:49.081Z"}
{"context":"RouterExplorer","level":"info","message":"Mapped {/api, GET} route","timestamp":"2024-07-25T06:52:49.084Z"}
{"context":"RoutesResolver","level":"info","message":"AuthController {/api/auth}:","timestamp":"2024-07-25T06:52:49.085Z"}
{"context":"RouterExplorer","level":"info","message":"Mapped {/api/auth/login-siwe, POST} route","timestamp":"2024-07-25T06:52:49.086Z"}
{"context":"RouterExplorer","level":"info","message":"Mapped {/api/auth/login, POST} route","timestamp":"2024-07-25T06:52:49.087Z"}
{"context":"RouterExplorer","level":"info","message":"Mapped {/api/auth/logout, POST} route","timestamp":"2024-07-25T06:52:49.088Z"}
{"context":"RouterExplorer","level":"info","message":"Mapped {/api/auth/challenge, POST} route","timestamp":"2024-07-25T06:52:49.089Z"}
{"context":"RoutesResolver","level":"info","message":"UsersController {/api/users}:","timestamp":"2024-07-25T06:52:49.090Z"}
{"context":"RouterExplorer","level":"info","message":"Mapped {/api/users, POST} route","timestamp":"2024-07-25T06:52:49.092Z"}
{"context":"RouterExplorer","level":"info","message":"Mapped {/api/users/:wallet, GET} route","timestamp":"2024-07-25T06:52:49.093Z"}
{"context":"RouterExplorer","level":"info","message":"Mapped {/api/users/:wallet, PATCH} route","timestamp":"2024-07-25T06:52:49.094Z"}
{"context":"RoutesResolver","level":"info","message":"CollectionsController {/api/collections}:","timestamp":"2024-07-25T06:52:49.095Z"}
{"context":"RouterExplorer","level":"info","message":"Mapped {/api/collections, POST} route","timestamp":"2024-07-25T06:52:49.096Z"}
{"context":"RouterExplorer","level":"info","message":"Mapped {/api/collections, GET} route","timestamp":"2024-07-25T06:52:49.098Z"}
{"context":"RouterExplorer","level":"info","message":"Mapped {/api/collections/:chainId, GET} route","timestamp":"2024-07-25T06:52:49.099Z"}
{"context":"RouterExplorer","level":"info","message":"Mapped {/api/collections/:chainId/:address, GET} route","timestamp":"2024-07-25T06:52:49.101Z"}
{"context":"RouterExplorer","level":"info","message":"Mapped {/api/collections/:chainId/:address, PATCH} route","timestamp":"2024-07-25T06:52:49.102Z"}
{"context":"RoutesResolver","level":"info","message":"UploadsController {/api/uploads}:","timestamp":"2024-07-25T06:52:49.103Z"}
{"context":"RouterExplorer","level":"info","message":"Mapped {/api/uploads/:encodedName, GET} route","timestamp":"2024-07-25T06:52:49.104Z"}
{"context":"RouterExplorer","level":"info","message":"Mapped {/api/uploads, POST} route","timestamp":"2024-07-25T06:52:49.104Z"}
{"context":"RoutesResolver","level":"info","message":"TokensController {/api/tokens}:","timestamp":"2024-07-25T06:52:49.105Z"}
{"context":"RouterExplorer","level":"info","message":"Mapped {/api/tokens/:chainId/:contractAddress, GET} route","timestamp":"2024-07-25T06:52:49.106Z"}
{"context":"RoutesResolver","level":"info","message":"AccountsController {/api/accounts}:","timestamp":"2024-07-25T06:52:49.107Z"}
{"context":"RouterExplorer","level":"info","message":"Mapped {/api/accounts/:chainId/:addressHash, GET} route","timestamp":"2024-07-25T06:52:49.109Z"}
{"context":"RoutesResolver","level":"info","message":"TransfersController {/api/transfers}:","timestamp":"2024-07-25T06:52:49.109Z"}
{"context":"RouterExplorer","level":"info","message":"Mapped {/api/transfers/:chainId/:addressHash/:token, GET} route","timestamp":"2024-07-25T06:52:49.111Z"}
{"context":"RoutesResolver","level":"info","message":"Brc20TokensController {/api/brc20-tokens}:","timestamp":"2024-07-25T06:52:49.111Z"}
{"context":"RouterExplorer","level":"info","message":"Mapped {/api/brc20-tokens/searchTokens, GET} route","timestamp":"2024-07-25T06:52:49.113Z"}
{"context":"RouterExplorer","level":"info","message":"Mapped {/api/brc20-tokens/test, GET} route","timestamp":"2024-07-25T06:52:49.114Z"}
{"context":"RouterExplorer","level":"info","message":"Mapped {/api/brc20-tokens/getInscriptionData/:tokenSlug, GET} route","timestamp":"2024-07-25T06:52:49.115Z"}
{"context":"RoutesResolver","level":"info","message":"InscBrc20TokensController {/api/inscBrc20}:","timestamp":"2024-07-25T06:52:49.116Z"}
{"context":"RouterExplorer","level":"info","message":"Mapped {/api/inscBrc20, GET} route","timestamp":"2024-07-25T06:52:49.116Z"}
{"context":"RouterExplorer","level":"info","message":"Mapped {/api/inscBrc20/getInscriptionData/:tokenInscriptionId, GET} route","timestamp":"2024-07-25T06:52:49.117Z"}
{"context":"RouterExplorer","level":"info","message":"Mapped {/api/inscBrc20, POST} route","timestamp":"2024-07-25T06:52:49.118Z"}
{"context":"RouterExplorer","level":"info","message":"Mapped {/api/inscBrc20/tokenDeployed/:token, GET} route","timestamp":"2024-07-25T06:52:49.119Z"}
{"context":"RouterExplorer","level":"info","message":"Mapped {/api/inscBrc20/getMintRateOfToken/:token, GET} route","timestamp":"2024-07-25T06:52:49.119Z"}
{"context":"RouterExplorer","level":"info","message":"Mapped {/api/inscBrc20/test, GET} route","timestamp":"2024-07-25T06:52:49.120Z"}
{"context":"RoutesResolver","level":"info","message":"updateServerDataController {/api/updateServerData}:","timestamp":"2024-07-25T06:52:49.121Z"}
{"context":"RouterExplorer","level":"info","message":"Mapped {/api/updateServerData/tokenTickers, POST} route","timestamp":"2024-07-25T06:52:49.122Z"}
{"context":"RoutesResolver","level":"info","message":"CreateListingsController {/api/create-listings}:","timestamp":"2024-07-25T06:52:49.122Z"}
{"context":"RouterExplorer","level":"info","message":"Mapped {/api/create-listings/getValidInscription, GET} route","timestamp":"2024-07-25T06:52:49.123Z"}
{"context":"RouterExplorer","level":"info","message":"Mapped {/api/create-listings/test, GET} route","timestamp":"2024-07-25T06:52:49.124Z"}
{"context":"RouterExplorer","level":"info","message":"Mapped {/api/create-listings/getInscriptionData/:tokenSlug, GET} route","timestamp":"2024-07-25T06:52:49.125Z"}
{"context":"NestApplication","level":"info","message":"Nest application successfully started","timestamp":"2024-07-25T06:52:49.129Z"}
